<?xml version="1.0" encoding="UTF-8"?>
<testng-results ignored="0" total="2" passed="2" failed="0" skipped="0">
  <reporter-output>
  </reporter-output>
  <suite started-at="2022-05-19T12:51:31 IST" name="Default suite" finished-at="2022-05-19T12:51:31 IST" duration-ms="75">
    <groups>
    </groups>
    <test started-at="2022-05-19T12:51:31 IST" name="Default test" finished-at="2022-05-19T12:51:31 IST" duration-ms="75">
      <class name="JavaStreams.Streamsmethods">
        <test-method signature="Regular()[pri:0, instance:JavaStreams.Streamsmethods@1556f2dd]" started-at="2022-05-19T12:51:31 IST" name="Regular" finished-at="2022-05-19T12:51:31 IST" duration-ms="13" status="PASS">
          <reporter-output>
          </reporter-output>
        </test-method> <!-- Regular -->
        <test-method signature="StreamMap()[pri:0, instance:JavaStreams.Streamsmethods@1556f2dd]" started-at="2022-05-19T12:51:31 IST" name="StreamMap" finished-at="2022-05-19T12:51:31 IST" duration-ms="5" status="PASS">
          <reporter-output>
          </reporter-output>
        </test-method> <!-- StreamMap -->
      </class> <!-- JavaStreams.Streamsmethods -->
    </test> <!-- Default test -->
  </suite> <!-- Default suite -->
</testng-results>
